08:42:29 Buildscript generation: app::Default in /home/knn64/git/2526_ESE_TP1_FPGA_MBENGUE_SAINT-FLEUR/Software/tp_nios_v/soft/app/build/Default
cmake -DCMAKE_EXPORT_COMPILE_COMMANDS:BOOL=ON -G "Unix Makefiles" /home/knn64/git/2526_ESE_TP1_FPGA_MBENGUE_SAINT-FLEUR/Software/tp_nios_v/soft/app 
-- Defaulting build type to Debug.
-- The C compiler identification is GNU 13.2.0
-- The CXX compiler identification is GNU 13.2.0
-- Detecting C compiler ABI info
-- Detecting C compiler ABI info - done
-- Check for working C compiler: /home/knn64/intelFPGA_lite/24.1std/riscfree/toolchain/riscv32-unknown-elf/bin/riscv32-unknown-elf-gcc - skipped
-- Detecting C compile features
-- Detecting C compile features - done
-- Detecting CXX compiler ABI info
-- Detecting CXX compiler ABI info - done
-- Check for working CXX compiler: /home/knn64/intelFPGA_lite/24.1std/riscfree/toolchain/riscv32-unknown-elf/bin/riscv32-unknown-elf-g++ - skipped
-- Detecting CXX compile features
-- Detecting CXX compile features - done
-- The ASM compiler identification is GNU
-- Found assembler: /home/knn64/intelFPGA_lite/24.1std/riscfree/toolchain/riscv32-unknown-elf/bin/riscv32-unknown-elf-gcc
-- Configuring done (0.3s)
-- Generating done (0.0s)
-- Build files have been written to: /home/knn64/git/2526_ESE_TP1_FPGA_MBENGUE_SAINT-FLEUR/Software/tp_nios_v/soft/app/build/Default
08:42:30 Buildscript generation finished (took 453 ms)
08:42:30 **** Build of configuration Default for project app ****
/usr/bin/gmake -j all 
[  1%] Building ASM object bsp/CMakeFiles/hal2_bsp.dir/HAL/src/alt_ecc_exception_entry.S.obj
[  2%] Building ASM object bsp/CMakeFiles/hal2_bsp.dir/HAL/src/alt_log_macro.S.obj
[  3%] Building ASM object bsp/CMakeFiles/hal2_bsp.dir/HAL/src/alt_mcount.S.obj
[  4%] Building ASM object bsp/CMakeFiles/hal2_bsp.dir/HAL/src/alt_vic_vector_table.S.obj
[  5%] Building ASM object bsp/CMakeFiles/hal2_bsp.dir/HAL/src/crt0.S.obj
[  6%] Building ASM object bsp/CMakeFiles/hal2_bsp.dir/HAL/src/machine_trap.S.obj
[  7%] Building C object bsp/CMakeFiles/hal2_bsp.dir/HAL/src/alt_alarm_start.c.obj
[  8%] Building C object bsp/CMakeFiles/hal2_bsp.dir/HAL/src/alt_close.c.obj
[  9%] Building C object bsp/CMakeFiles/hal2_bsp.dir/HAL/src/alt_busy_sleep.c.obj
[ 10%] Building C object bsp/CMakeFiles/hal2_bsp.dir/HAL/src/alt_dcache_flush.c.obj
[ 11%] Building C object bsp/CMakeFiles/hal2_bsp.dir/HAL/src/alt_dcache_flush_all.c.obj
[ 12%] Building C object bsp/CMakeFiles/hal2_bsp.dir/HAL/src/alt_dcache_flush_no_writeback.c.obj
[ 14%] Building C object bsp/CMakeFiles/hal2_bsp.dir/HAL/src/alt_dev.c.obj
[ 13%] Building C object bsp/CMakeFiles/hal2_bsp.dir/HAL/src/alt_dev_llist_insert.c.obj
[ 17%] Building C object bsp/CMakeFiles/hal2_bsp.dir/HAL/src/alt_do_ctors.c.obj
[ 15%] Building C object bsp/CMakeFiles/hal2_bsp.dir/HAL/src/alt_do_dtors.c.obj
[ 18%] Building C object bsp/CMakeFiles/hal2_bsp.dir/HAL/src/alt_dma_rxchan_open.c.obj
[ 19%] Building C object bsp/CMakeFiles/hal2_bsp.dir/HAL/src/alt_dma_txchan_open.c.obj
[ 16%] Building C object bsp/CMakeFiles/hal2_bsp.dir/HAL/src/alt_ecc_error_inject.c.obj
[ 21%] Building C object bsp/CMakeFiles/hal2_bsp.dir/HAL/src/alt_env_lock.c.obj
[ 22%] Building C object bsp/CMakeFiles/hal2_bsp.dir/HAL/src/alt_environ.c.obj
[ 22%] Building C object bsp/CMakeFiles/hal2_bsp.dir/HAL/src/alt_ecc_exception.c.obj
[ 23%] Building C object bsp/CMakeFiles/hal2_bsp.dir/HAL/src/alt_errno.c.obj
[ 25%] Building C object bsp/CMakeFiles/hal2_bsp.dir/HAL/src/alt_execve.c.obj
[ 27%] Building C object bsp/CMakeFiles/hal2_bsp.dir/HAL/src/alt_fd_unlock.c.obj
[ 24%] Building C object bsp/CMakeFiles/hal2_bsp.dir/HAL/src/alt_exit.c.obj
[ 26%] Building C object bsp/CMakeFiles/hal2_bsp.dir/HAL/src/alt_fd_lock.c.obj
[ 28%] Building C object bsp/CMakeFiles/hal2_bsp.dir/HAL/src/alt_find_dev.c.obj
[ 29%] Building C object bsp/CMakeFiles/hal2_bsp.dir/HAL/src/alt_fcntl.c.obj
[ 30%] Building C object bsp/CMakeFiles/hal2_bsp.dir/HAL/src/alt_find_file.c.obj
[ 31%] Building C object bsp/CMakeFiles/hal2_bsp.dir/HAL/src/alt_flash_dev.c.obj
[ 32%] Building C object bsp/CMakeFiles/hal2_bsp.dir/HAL/src/alt_fork.c.obj
[ 34%] Building C object bsp/CMakeFiles/hal2_bsp.dir/HAL/src/alt_fs_reg.c.obj
[ 35%] Building C object bsp/CMakeFiles/hal2_bsp.dir/HAL/src/alt_get_fd.c.obj
[ 36%] Building C object bsp/CMakeFiles/hal2_bsp.dir/HAL/src/alt_fstat.c.obj
[ 37%] Building C object bsp/CMakeFiles/hal2_bsp.dir/HAL/src/alt_getchar.c.obj
[ 38%] Building C object bsp/CMakeFiles/hal2_bsp.dir/HAL/src/alt_getpid.c.obj
[ 39%] Building C object bsp/CMakeFiles/hal2_bsp.dir/HAL/src/alt_gettod.c.obj
[ 40%] Building C object bsp/CMakeFiles/hal2_bsp.dir/HAL/src/alt_icache_flush.c.obj
[ 41%] Building C object bsp/CMakeFiles/hal2_bsp.dir/HAL/src/alt_gmon.c.obj
[ 42%] Building C object bsp/CMakeFiles/hal2_bsp.dir/HAL/src/alt_icache_flush_all.c.obj
[ 43%] Building C object bsp/CMakeFiles/hal2_bsp.dir/HAL/src/alt_iic.c.obj
[ 44%] Building C object bsp/CMakeFiles/hal2_bsp.dir/HAL/src/alt_iic_isr_register.c.obj
[ 45%] Building C object bsp/CMakeFiles/hal2_bsp.dir/HAL/src/alt_irq_handler.c.obj
[ 46%] Building C object bsp/CMakeFiles/hal2_bsp.dir/HAL/src/alt_io_redirect.c.obj
[ 48%] Building C object bsp/CMakeFiles/hal2_bsp.dir/HAL/src/alt_instruction_exception_register.c.obj
[ 49%] Building C object bsp/CMakeFiles/hal2_bsp.dir/HAL/src/alt_isatty.c.obj
[ 50%] Building C object bsp/CMakeFiles/hal2_bsp.dir/HAL/src/alt_ioctl.c.obj
[ 50%] Building C object bsp/CMakeFiles/hal2_bsp.dir/HAL/src/alt_kill.c.obj
[ 51%] Building C object bsp/CMakeFiles/hal2_bsp.dir/HAL/src/alt_link.c.obj
[ 53%] Building C object bsp/CMakeFiles/hal2_bsp.dir/HAL/src/alt_lseek.c.obj
[ 54%] Building C object bsp/CMakeFiles/hal2_bsp.dir/HAL/src/alt_open.c.obj
[ 52%] Building C object bsp/CMakeFiles/hal2_bsp.dir/HAL/src/alt_load.c.obj
[ 55%] Building C object bsp/CMakeFiles/hal2_bsp.dir/HAL/src/alt_main.c.obj
[ 56%] Building C object bsp/CMakeFiles/hal2_bsp.dir/HAL/src/alt_log_printf.c.obj
[ 57%] Building C object bsp/CMakeFiles/hal2_bsp.dir/HAL/src/alt_malloc_lock.c.obj
[ 58%] Building C object bsp/CMakeFiles/hal2_bsp.dir/HAL/src/alt_printf.c.obj
[ 59%] Building C object bsp/CMakeFiles/hal2_bsp.dir/HAL/src/alt_putchar.c.obj
[ 60%] Building C object bsp/CMakeFiles/hal2_bsp.dir/HAL/src/alt_putcharbuf.c.obj
[ 61%] Building C object bsp/CMakeFiles/hal2_bsp.dir/HAL/src/alt_putstr.c.obj
[ 63%] Building C object bsp/CMakeFiles/hal2_bsp.dir/HAL/src/alt_read.c.obj
[ 65%] Building C object bsp/CMakeFiles/hal2_bsp.dir/HAL/src/alt_remap_cached.c.obj
[ 68%] Building C object bsp/CMakeFiles/hal2_bsp.dir/HAL/src/alt_tick.c.obj
[ 70%] Building C object bsp/CMakeFiles/hal2_bsp.dir/HAL/src/alt_sbrk.c.obj
[ 67%] Building C object bsp/CMakeFiles/hal2_bsp.dir/HAL/src/alt_rename.c.obj
[ 69%] Building C object bsp/CMakeFiles/hal2_bsp.dir/HAL/src/alt_settod.c.obj
[ 71%] Building C object bsp/CMakeFiles/hal2_bsp.dir/HAL/src/alt_stat.c.obj
[ 62%] Building C object bsp/CMakeFiles/hal2_bsp.dir/HAL/src/alt_release_fd.c.obj
[ 64%] Building C object bsp/CMakeFiles/hal2_bsp.dir/HAL/src/alt_remap_uncached.c.obj
[ 72%] Building C object bsp/CMakeFiles/hal2_bsp.dir/HAL/src/alt_times.c.obj
[ 73%] Building C object bsp/CMakeFiles/hal2_bsp.dir/HAL/src/alt_uncached_free.c.obj
[ 74%] Building C object bsp/CMakeFiles/hal2_bsp.dir/HAL/src/alt_tls.c.obj
[ 75%] Building C object bsp/CMakeFiles/hal2_bsp.dir/HAL/src/alt_unlink.c.obj
[ 76%] Building C object bsp/CMakeFiles/hal2_bsp.dir/HAL/src/alt_usleep.c.obj
[ 77%] Building C object bsp/CMakeFiles/hal2_bsp.dir/HAL/src/alt_vic_isr_wrapper.c.obj
[ 78%] Building C object bsp/CMakeFiles/hal2_bsp.dir/HAL/src/alt_uncached_malloc.c.obj
[ 79%] Building C object bsp/CMakeFiles/hal2_bsp.dir/HAL/src/intel_fpga_api_cmn_dfl.c.obj
[ 80%] Building C object bsp/CMakeFiles/hal2_bsp.dir/HAL/src/alt_wait.c.obj
[ 81%] Building C object bsp/CMakeFiles/hal2_bsp.dir/HAL/src/intel_fpga_api_cmn_inf.c.obj
[ 84%] Building C object bsp/CMakeFiles/hal2_bsp.dir/HAL/src/intel_fpga_api_cmn_msg.c.obj
[ 83%] Building C object bsp/CMakeFiles/hal2_bsp.dir/HAL/src/intel_fpga_api_niosv.c.obj
[ 83%] Building C object bsp/CMakeFiles/hal2_bsp.dir/HAL/src/alt_write.c.obj
[ 85%] Building C object bsp/CMakeFiles/hal2_bsp.dir/HAL/src/intel_fpga_platform_api_niosv.c.obj
[ 86%] Building C object bsp/CMakeFiles/hal2_bsp.dir/HAL/src/intel_niosv_irq.c.obj
[ 87%] Building C object bsp/CMakeFiles/hal2_bsp.dir/HAL/src/mtimer.c.obj
[ 88%] Building C object bsp/CMakeFiles/hal2_bsp.dir/alt_sys_init.c.obj
[ 90%] Building C object bsp/CMakeFiles/hal2_bsp.dir/drivers/src/altera_avalon_jtag_uart_ioctl.c.obj
[ 89%] Building C object bsp/CMakeFiles/hal2_bsp.dir/drivers/src/altera_avalon_jtag_uart_init.c.obj
[ 92%] Building C object bsp/CMakeFiles/hal2_bsp.dir/drivers/src/altera_avalon_jtag_uart_fd.c.obj
[ 93%] Building C object bsp/CMakeFiles/hal2_bsp.dir/drivers/src/altera_avalon_jtag_uart_write.c.obj
[ 93%] Building C object bsp/CMakeFiles/hal2_bsp.dir/drivers/src/altera_avalon_jtag_uart_read.c.obj
/home/knn64/git/2526_ESE_TP1_FPGA_MBENGUE_SAINT-FLEUR/Software/tp_nios_v/soft/bsp/drivers/src/altera_avalon_jtag_uart_init.c: In function 'altera_avalon_jtag_uart_init':
/home/knn64/git/2526_ESE_TP1_FPGA_MBENGUE_SAINT-FLEUR/Software/tp_nios_v/soft/bsp/drivers/src/altera_avalon_jtag_uart_init.c:83:3: warning: implicit declaration of function 'alt_irq_register'; did you mean 'alt_ic_isr_register'? [-Wimplicit-function-declaration]
   83 |   alt_irq_register(irq, sp, altera_avalon_jtag_uart_irq);
      |   ^~~~~~~~~~~~~~~~
      |   alt_ic_isr_register
[ 94%] Linking C static library libhal2_bsp.a
[ 94%] Built target hal2_bsp
[ 95%] Building C object CMakeFiles/app.elf.dir/main.c.obj
[ 96%] Linking C executable app.elf
/home/knn64/intelFPGA_lite/24.1std/riscfree/toolchain/riscv32-unknown-elf/bin/../lib/gcc/riscv32-unknown-elf/13.2.0/../../../../riscv32-unknown-elf/bin/ld: bsp/libhal2_bsp.a(alt_sys_init.c.obj): in function `alt_sys_init':
/home/knn64/git/2526_ESE_TP1_FPGA_MBENGUE_SAINT-FLEUR/Software/tp_nios_v/soft/bsp/alt_sys_init.c:94:(.text+0x4c): warning: Error: Interrupt not connected for JTAG_UART_0. You have selected the interrupt driven version of the ALTERA Avalon JTAG UART driver, but the interrupt is not connected for this device. You can select a polled mode driver by checking the 'small driver' option in the HAL configuration window, or by using the -DALTERA_AVALON_JTAG_UART_SMALL preprocessor flag.
/home/knn64/intelFPGA_lite/24.1std/riscfree/toolchain/riscv32-unknown-elf/bin/../lib/gcc/riscv32-unknown-elf/13.2.0/../../../../riscv32-unknown-elf/bin/ld: /home/knn64/git/2526_ESE_TP1_FPGA_MBENGUE_SAINT-FLEUR/Software/tp_nios_v/soft/bsp/alt_sys_init.c:93:(.text+0x48): undefined reference to `__alt_invalid'
/home/knn64/intelFPGA_lite/24.1std/riscfree/toolchain/riscv32-unknown-elf/bin/../lib/gcc/riscv32-unknown-elf/13.2.0/../../../../riscv32-unknown-elf/bin/ld: bsp/libhal2_bsp.a(altera_avalon_jtag_uart_init.c.obj): in function `altera_avalon_jtag_uart_init':
/home/knn64/git/2526_ESE_TP1_FPGA_MBENGUE_SAINT-FLEUR/Software/tp_nios_v/soft/bsp/drivers/src/altera_avalon_jtag_uart_init.c:83:(.text+0x5c): undefined reference to `alt_irq_register'
collect2: error: ld returned 1 exit status
gmake[2]: *** [CMakeFiles/app.elf.dir/build.make:102: app.elf] Error 1
gmake[1]: *** [CMakeFiles/Makefile2:118: CMakeFiles/app.elf.dir/all] Error 2
gmake: *** [Makefile:91: all] Error 2
"/usr/bin/gmake -j all" terminated with exit code 2. Build might be incomplete.
08:42:31 Buildscript generation: bsp::Default in /home/knn64/git/2526_ESE_TP1_FPGA_MBENGUE_SAINT-FLEUR/Software/tp_nios_v/soft/bsp/build/Default
cmake -DCMAKE_EXPORT_COMPILE_COMMANDS:BOOL=ON -G "Unix Makefiles" /home/knn64/git/2526_ESE_TP1_FPGA_MBENGUE_SAINT-FLEUR/Software/tp_nios_v/soft/bsp 
-- Defaulting build type to Debug.
-- The C compiler identification is GNU 13.2.0
-- The CXX compiler identification is GNU 13.2.0
-- Detecting C compiler ABI info
-- Detecting C compiler ABI info - done
-- Check for working C compiler: /home/knn64/intelFPGA_lite/24.1std/riscfree/toolchain/riscv32-unknown-elf/bin/riscv32-unknown-elf-gcc - skipped
-- Detecting C compile features
-- Detecting C compile features - done
-- Detecting CXX compiler ABI info
-- Detecting CXX compiler ABI info - done
-- Check for working CXX compiler: /home/knn64/intelFPGA_lite/24.1std/riscfree/toolchain/riscv32-unknown-elf/bin/riscv32-unknown-elf-g++ - skipped
-- Detecting CXX compile features
-- Detecting CXX compile features - done
-- The ASM compiler identification is GNU
-- Found assembler: /home/knn64/intelFPGA_lite/24.1std/riscfree/toolchain/riscv32-unknown-elf/bin/riscv32-unknown-elf-gcc
-- Configuring done (0.3s)
-- Generating done (0.0s)
-- Build files have been written to: /home/knn64/git/2526_ESE_TP1_FPGA_MBENGUE_SAINT-FLEUR/Software/tp_nios_v/soft/bsp/build/Default
08:42:31 Buildscript generation finished (took 384 ms)
08:42:31 **** Build of configuration Default for project bsp ****
/usr/bin/gmake -j all 
[  1%] Building ASM object CMakeFiles/hal2_bsp.dir/HAL/src/alt_ecc_exception_entry.S.obj
[  2%] Building ASM object CMakeFiles/hal2_bsp.dir/HAL/src/alt_mcount.S.obj
[  3%] Building ASM object CMakeFiles/hal2_bsp.dir/HAL/src/crt0.S.obj
[  4%] Building ASM object CMakeFiles/hal2_bsp.dir/HAL/src/alt_log_macro.S.obj
[  5%] Building ASM object CMakeFiles/hal2_bsp.dir/HAL/src/alt_vic_vector_table.S.obj
[  6%] Building ASM object CMakeFiles/hal2_bsp.dir/HAL/src/machine_trap.S.obj
[  7%] Building C object CMakeFiles/hal2_bsp.dir/HAL/src/alt_alarm_start.c.obj
[  8%] Building C object CMakeFiles/hal2_bsp.dir/HAL/src/alt_busy_sleep.c.obj
[ 10%] Building C object CMakeFiles/hal2_bsp.dir/HAL/src/alt_dcache_flush.c.obj
[  9%] Building C object CMakeFiles/hal2_bsp.dir/HAL/src/alt_close.c.obj
[ 11%] Building C object CMakeFiles/hal2_bsp.dir/HAL/src/alt_dcache_flush_all.c.obj
[ 13%] Building C object CMakeFiles/hal2_bsp.dir/HAL/src/alt_dcache_flush_no_writeback.c.obj
[ 14%] Building C object CMakeFiles/hal2_bsp.dir/HAL/src/alt_dev.c.obj
[ 15%] Building C object CMakeFiles/hal2_bsp.dir/HAL/src/alt_dev_llist_insert.c.obj
[ 16%] Building C object CMakeFiles/hal2_bsp.dir/HAL/src/alt_dma_rxchan_open.c.obj
[ 17%] Building C object CMakeFiles/hal2_bsp.dir/HAL/src/alt_dma_txchan_open.c.obj
[ 18%] Building C object CMakeFiles/hal2_bsp.dir/HAL/src/alt_do_ctors.c.obj
[ 19%] Building C object CMakeFiles/hal2_bsp.dir/HAL/src/alt_do_dtors.c.obj
[ 20%] Building C object CMakeFiles/hal2_bsp.dir/HAL/src/alt_execve.c.obj
[ 21%] Building C object CMakeFiles/hal2_bsp.dir/HAL/src/alt_ecc_error_inject.c.obj
[ 22%] Building C object CMakeFiles/hal2_bsp.dir/HAL/src/alt_fd_lock.c.obj
[ 23%] Building C object CMakeFiles/hal2_bsp.dir/HAL/src/alt_env_lock.c.obj
[ 25%] Building C object CMakeFiles/hal2_bsp.dir/HAL/src/alt_fcntl.c.obj
[ 26%] Building C object CMakeFiles/hal2_bsp.dir/HAL/src/alt_ecc_exception.c.obj
[ 28%] Building C object CMakeFiles/hal2_bsp.dir/HAL/src/alt_errno.c.obj
[ 29%] Building C object CMakeFiles/hal2_bsp.dir/HAL/src/alt_exit.c.obj
[ 29%] Building C object CMakeFiles/hal2_bsp.dir/HAL/src/alt_environ.c.obj
[ 30%] Building C object CMakeFiles/hal2_bsp.dir/HAL/src/alt_fd_unlock.c.obj
[ 31%] Building C object CMakeFiles/hal2_bsp.dir/HAL/src/alt_find_dev.c.obj
[ 32%] Building C object CMakeFiles/hal2_bsp.dir/HAL/src/alt_flash_dev.c.obj
[ 34%] Building C object CMakeFiles/hal2_bsp.dir/HAL/src/alt_fork.c.obj
[ 35%] Building C object CMakeFiles/hal2_bsp.dir/HAL/src/alt_getpid.c.obj
[ 36%] Building C object CMakeFiles/hal2_bsp.dir/HAL/src/alt_find_file.c.obj
[ 38%] Building C object CMakeFiles/hal2_bsp.dir/HAL/src/alt_gettod.c.obj
[ 40%] Building C object CMakeFiles/hal2_bsp.dir/HAL/src/alt_fs_reg.c.obj
[ 39%] Building C object CMakeFiles/hal2_bsp.dir/HAL/src/alt_getchar.c.obj
[ 42%] Building C object CMakeFiles/hal2_bsp.dir/HAL/src/alt_fstat.c.obj
[ 41%] Building C object CMakeFiles/hal2_bsp.dir/HAL/src/alt_gmon.c.obj
[ 33%] Building C object CMakeFiles/hal2_bsp.dir/HAL/src/alt_get_fd.c.obj
[ 43%] Building C object CMakeFiles/hal2_bsp.dir/HAL/src/alt_icache_flush.c.obj
[ 45%] Building C object CMakeFiles/hal2_bsp.dir/HAL/src/alt_icache_flush_all.c.obj
[ 46%] Building C object CMakeFiles/hal2_bsp.dir/HAL/src/alt_iic_isr_register.c.obj
[ 47%] Building C object CMakeFiles/hal2_bsp.dir/HAL/src/alt_io_redirect.c.obj
[ 48%] Building C object CMakeFiles/hal2_bsp.dir/HAL/src/alt_instruction_exception_register.c.obj
[ 44%] Building C object CMakeFiles/hal2_bsp.dir/HAL/src/alt_iic.c.obj
[ 53%] Building C object CMakeFiles/hal2_bsp.dir/HAL/src/alt_ioctl.c.obj
[ 50%] Building C object CMakeFiles/hal2_bsp.dir/HAL/src/alt_irq_handler.c.obj
[ 54%] Building C object CMakeFiles/hal2_bsp.dir/HAL/src/alt_isatty.c.obj
[ 55%] Building C object CMakeFiles/hal2_bsp.dir/HAL/src/alt_kill.c.obj
[ 55%] Building C object CMakeFiles/hal2_bsp.dir/HAL/src/alt_load.c.obj
[ 51%] Building C object CMakeFiles/hal2_bsp.dir/HAL/src/alt_link.c.obj
[ 56%] Building C object CMakeFiles/hal2_bsp.dir/HAL/src/alt_main.c.obj
[ 58%] Building C object CMakeFiles/hal2_bsp.dir/HAL/src/alt_lseek.c.obj
[ 59%] Building C object CMakeFiles/hal2_bsp.dir/HAL/src/alt_printf.c.obj
[ 60%] Building C object CMakeFiles/hal2_bsp.dir/HAL/src/alt_log_printf.c.obj
[ 63%] Building C object CMakeFiles/hal2_bsp.dir/HAL/src/alt_putchar.c.obj
[ 64%] Building C object CMakeFiles/hal2_bsp.dir/HAL/src/alt_putcharbuf.c.obj
[ 57%] Building C object CMakeFiles/hal2_bsp.dir/HAL/src/alt_malloc_lock.c.obj
[ 61%] Building C object CMakeFiles/hal2_bsp.dir/HAL/src/alt_open.c.obj
[ 65%] Building C object CMakeFiles/hal2_bsp.dir/HAL/src/alt_putstr.c.obj
[ 66%] Building C object CMakeFiles/hal2_bsp.dir/HAL/src/alt_release_fd.c.obj
[ 67%] Building C object CMakeFiles/hal2_bsp.dir/HAL/src/alt_read.c.obj
[ 69%] Building C object CMakeFiles/hal2_bsp.dir/HAL/src/alt_remap_uncached.c.obj
[ 70%] Building C object CMakeFiles/hal2_bsp.dir/HAL/src/alt_rename.c.obj
[ 71%] Building C object CMakeFiles/hal2_bsp.dir/HAL/src/alt_settod.c.obj
[ 68%] Building C object CMakeFiles/hal2_bsp.dir/HAL/src/alt_remap_cached.c.obj
[ 72%] Building C object CMakeFiles/hal2_bsp.dir/HAL/src/alt_sbrk.c.obj
[ 75%] Building C object CMakeFiles/hal2_bsp.dir/HAL/src/alt_tick.c.obj
[ 75%] Building C object CMakeFiles/hal2_bsp.dir/HAL/src/alt_stat.c.obj
[ 76%] Building C object CMakeFiles/hal2_bsp.dir/HAL/src/alt_times.c.obj
[ 77%] Building C object CMakeFiles/hal2_bsp.dir/HAL/src/alt_tls.c.obj
[ 78%] Building C object CMakeFiles/hal2_bsp.dir/HAL/src/alt_uncached_malloc.c.obj
[ 79%] Building C object CMakeFiles/hal2_bsp.dir/HAL/src/alt_unlink.c.obj
[ 80%] Building C object CMakeFiles/hal2_bsp.dir/HAL/src/alt_uncached_free.c.obj
[ 81%] Building C object CMakeFiles/hal2_bsp.dir/HAL/src/alt_vic_isr_wrapper.c.obj
[ 82%] Building C object CMakeFiles/hal2_bsp.dir/HAL/src/alt_usleep.c.obj
[ 84%] Building C object CMakeFiles/hal2_bsp.dir/HAL/src/alt_write.c.obj
[ 83%] Building C object CMakeFiles/hal2_bsp.dir/HAL/src/alt_wait.c.obj
[ 85%] Building C object CMakeFiles/hal2_bsp.dir/HAL/src/intel_fpga_api_cmn_dfl.c.obj
[ 86%] Building C object CMakeFiles/hal2_bsp.dir/HAL/src/intel_fpga_api_cmn_inf.c.obj
[ 88%] Building C object CMakeFiles/hal2_bsp.dir/HAL/src/intel_fpga_api_cmn_msg.c.obj
[ 89%] Building C object CMakeFiles/hal2_bsp.dir/HAL/src/intel_fpga_platform_api_niosv.c.obj
[ 90%] Building C object CMakeFiles/hal2_bsp.dir/HAL/src/intel_fpga_api_niosv.c.obj
[ 91%] Building C object CMakeFiles/hal2_bsp.dir/HAL/src/intel_niosv_irq.c.obj
[ 93%] Building C object CMakeFiles/hal2_bsp.dir/HAL/src/mtimer.c.obj
[ 93%] Building C object CMakeFiles/hal2_bsp.dir/alt_sys_init.c.obj
[ 94%] Building C object CMakeFiles/hal2_bsp.dir/drivers/src/altera_avalon_jtag_uart_fd.c.obj
[ 95%] Building C object CMakeFiles/hal2_bsp.dir/drivers/src/altera_avalon_jtag_uart_init.c.obj
[ 97%] Building C object CMakeFiles/hal2_bsp.dir/drivers/src/altera_avalon_jtag_uart_write.c.obj
[ 97%] Building C object CMakeFiles/hal2_bsp.dir/drivers/src/altera_avalon_jtag_uart_read.c.obj
[ 98%] Building C object CMakeFiles/hal2_bsp.dir/drivers/src/altera_avalon_jtag_uart_ioctl.c.obj
/home/knn64/git/2526_ESE_TP1_FPGA_MBENGUE_SAINT-FLEUR/Software/tp_nios_v/soft/bsp/drivers/src/altera_avalon_jtag_uart_init.c: In function 'altera_avalon_jtag_uart_init':
/home/knn64/git/2526_ESE_TP1_FPGA_MBENGUE_SAINT-FLEUR/Software/tp_nios_v/soft/bsp/drivers/src/altera_avalon_jtag_uart_init.c:83:3: warning: implicit declaration of function 'alt_irq_register'; did you mean 'alt_ic_isr_register'? [-Wimplicit-function-declaration]
   83 |   alt_irq_register(irq, sp, altera_avalon_jtag_uart_irq);
      |   ^~~~~~~~~~~~~~~~
      |   alt_ic_isr_register
[100%] Linking C static library libhal2_bsp.a
[100%] Built target hal2_bsp
